Query: 'i'm looking for the p/e ratio of dks. would you happen to know what it is?' | Classified as: 'simple_w_condition' | Ground Truth: 'simple'
Query: 'can you provide me with the most recent stock price of curo today?' | Classified as: 'simple_w_condition' | Ground Truth: 'simple'
Query: 'what's the price-to-earnings ratio of ovbc as of now?' | Classified as: 'simple_w_condition' | Ground Truth: 'simple'
Query: 'what was rmco's open price this past friday?' | Classified as: 'simple_w_condition' | Ground Truth: 'simple'
Query: 'on average, what was the daily high stock price of xpev over the past week?' | Classified as: 'aggregation' | Ground Truth: 'simple'
Query: 'what movie's visual effects were considered the most impressive by the academy in 2006, winning the coveted best visual effects award?' | Classified as: 'multi-hop' | Ground Truth: 'simple'
Query: 'what's the trading volume of mgrm on the last trading day?' | Classified as: 'simple_w_condition' | Ground Truth: 'simple'
Query: 'what color was mr. incredibles suit at the beginning of the first incredibles movie?' | Classified as: 'simple' | Ground Truth: 'simple_w_condition'
Query: 'who invented the trampoline?' | Classified as: 'simple' | Ground Truth: 'simple_w_condition'
Query: 'when was the warrior released?' | Classified as: 'simple' | Ground Truth: 'simple_w_condition'
Query: 'how many times has lady gaga been nominated for an academy award?' | Classified as: 'aggregation' | Ground Truth: 'simple_w_condition'
Query: 'what was the total value of all exchange-traded funds (etfs) in the united states in 2021?' | Classified as: 'aggregation' | Ground Truth: 'simple_w_condition'
Query: 'how many times has lady gaga played a character with a mental illness in a movie?' | Classified as: 'aggregation' | Ground Truth: 'simple_w_condition'
Query: 'tell me the most recent song or album by doris duke?' | Classified as: 'multi-hop' | Ground Truth: 'simple_w_condition'
Query: 'what was the total value of all global hedge fund assets under management in 2023?' | Classified as: 'aggregation' | Ground Truth: 'simple_w_condition'
Query: 'who's on the schedule for brentford this week?' | Classified as: 'simple' | Ground Truth: 'simple_w_condition'
Query: 'how many times has angelina jolie played maleficent in a movie?' | Classified as: 'aggregation' | Ground Truth: 'simple_w_condition'
Query: 'which player has the most career steals in the nba among players who have never won a steals title?' | Classified as: 'aggregation' | Ground Truth: 'simple_w_condition'
Query: 'what is the number of minions gru has in despicable me?' | Classified as: 'simple' | Ground Truth: 'simple_w_condition'
Query: 'what was the total value of all exchange-traded funds (etfs) in the global market in 2022?' | Classified as: 'aggregation' | Ground Truth: 'simple_w_condition'
Query: 'who had the most lines in all of the star wars movies?' | Classified as: 'aggregation' | Ground Truth: 'simple_w_condition'
Query: 'what is the largest reptile?' | Classified as: 'simple' | Ground Truth: 'simple_w_condition'
Query: 'what newspaper is the sister publication of the new york times?' | Classified as: 'multi-hop' | Ground Truth: 'simple_w_condition'
Query: 'at what location did the first lord of the rings movie started filming in?' | Classified as: 'multi-hop' | Ground Truth: 'simple_w_condition'
Query: 'what was the first project that alexandre aja worked on as a director?' | Classified as: 'multi-hop' | Ground Truth: 'simple_w_condition'
Query: 'which company has the highest revenue among automotive manufacturers?' | Classified as: 'aggregation' | Ground Truth: 'simple_w_condition'
Query: 'what was the location of burnley's most recent eng-premier league game? was it a home game or an away game?' | Classified as: 'multi-hop' | Ground Truth: 'simple_w_condition'
Query: 'on average, how many watts of power is kfyo (am) powered by day?' | Classified as: 'aggregation' | Ground Truth: 'simple_w_condition'
Query: 'which player has the most career rebounds in the nba among players who have never been named defensive player of the year?' | Classified as: 'aggregation' | Ground Truth: 'simple_w_condition'
Query: 'what is the most recent movie directed by jake szymanski?' | Classified as: 'multi-hop' | Ground Truth: 'simple_w_condition'
Query: 'how many documentaries has leonardo dicaprio produced about environmental issues?' | Classified as: 'aggregation' | Ground Truth: 'simple_w_condition'
Query: 'what movie was the most profitable that bruce willis was in?' | Classified as: 'aggregation' | Ground Truth: 'simple_w_condition'
Query: 'what team did magic oppose in their contest on 2022-10-14?' | Classified as: 'simple' | Ground Truth: 'simple_w_condition'
Query: 'what album did eminem release in 2017, which included the songs "untouchable" and "walk on water"?' | Classified as: 'multi-hop' | Ground Truth: 'simple_w_condition'
Query: 'which movie mark ruffalo acted explained serial killers based in san francisco bay area' | Classified as: 'multi-hop' | Ground Truth: 'simple_w_condition'
Query: 'how many times has lady gaga won the academy award for best original song?' | Classified as: 'aggregation' | Ground Truth: 'simple_w_condition'
Query: 'how much money did meta earn in 2022?' | Classified as: 'aggregation' | Ground Truth: 'simple_w_condition'
Query: 'which player has the most career wins in the nhl among goalies who have never won a stanley cup?' | Classified as: 'multi-hop' | Ground Truth: 'simple_w_condition'
Query: 'what's the date of villarreal's upcoming game in esp-la liga?' | Classified as: 'simple' | Ground Truth: 'simple_w_condition'
Query: 'can you tell me who is the current usa today's sister company?' | Classified as: 'multi-hop' | Ground Truth: 'simple_w_condition'
Query: 'what was the debut movie directed by adam marcus?' | Classified as: 'simple' | Ground Truth: 'simple_w_condition'
Query: 'which quarter in 2023 had the highest operating income of apple' | Classified as: 'aggregation' | Ground Truth: 'simple_w_condition'
Query: 'can you name a leo dicaprio movie where he can go into dreams?' | Classified as: 'multi-hop' | Ground Truth: 'simple_w_condition'
Query: 'who's lorient going up against in their next game in fra-ligue 1?' | Classified as: 'simple' | Ground Truth: 'simple_w_condition'
Query: 'which player has the most career rebounds in the wnba among players who have never won a defensive player of the year award?' | Classified as: 'aggregation' | Ground Truth: 'simple_w_condition'
Query: 'who was the lead singer of pink floyd in 1991?' | Classified as: 'simple' | Ground Truth: 'simple_w_condition'
Query: 'what's the wattage of the energy output from ksey (am)?' | Classified as: 'simple' | Ground Truth: 'simple_w_condition'
Query: 'how many studio albums has shakira released between 2000 and 2010?' | Classified as: 'aggregation' | Ground Truth: 'simple_w_condition'
Query: 'what did chad kroeger do before joining nickelback?' | Classified as: 'multi-hop' | Ground Truth: 'simple_w_condition'
Query: 'can you provide details on the opposing team for paris s-g in their forthcoming match in fra-ligue 1?' | Classified as: 'multi-hop' | Ground Truth: 'simple_w_condition'
Query: 'what actor plays themselves in the movie "zombieland"?' | Classified as: 'multi-hop' | Ground Truth: 'simple_w_condition'
Query: 'can you tell me the number of goals atlético madrid scored in their previous game in esp-la liga?' | Classified as: 'aggregation' | Ground Truth: 'simple_w_condition'
Query: 'who was in charge of luton town during their previous game in eng-premier league, serving as the team captain?' | Classified as: 'multi-hop' | Ground Truth: 'simple_w_condition'
Query: 'who was the leading member of atlético madrid during their last match in esp-la liga?' | Classified as: 'multi-hop' | Ground Truth: 'simple_w_condition'
Query: 'who had the highest net worth in 2020?' | Classified as: 'aggregation' | Ground Truth: 'simple_w_condition'
Query: 'who was the number one overall pick in the mlb draft in 2008?' | Classified as: 'simple' | Ground Truth: 'simple_w_condition'
Query: 'for kings's game on 2023-04-30, who was their competitor?' | Classified as: 'simple' | Ground Truth: 'simple_w_condition'
Query: 'how many traps did kevin mccallister have in the first home alone movie?' | Classified as: 'simple' | Ground Truth: 'simple_w_condition'
Query: 'what is the most popular dog breed for families?' | Classified as: 'set' | Ground Truth: 'simple_w_condition'
Query: 'what was the total value of all initial public offerings (ipos) proceeds in the nasdaq in 2022?' | Classified as: 'aggregation' | Ground Truth: 'simple_w_condition'
Query: 'how many goals did lille score last week?' | Classified as: 'simple' | Ground Truth: 'simple_w_condition'
Query: 'what team did le havre go up against in their match last week?' | Classified as: 'simple' | Ground Truth: 'simple_w_condition'
Query: 'how much was the last dividend from investcorp india acquisition corp. warrant?' | Classified as: 'simple' | Ground Truth: 'simple_w_condition'
Query: 'in which city did justin bieber get married?' | Classified as: 'simple' | Ground Truth: 'simple_w_condition'
Query: 'how many ex-dividend date are announced each year by agnc' | Classified as: 'simple' | Ground Truth: 'simple_w_condition'
Query: 'in their last league match, how did granada perform in terms of wins and losses?' | Classified as: 'aggregation' | Ground Truth: 'simple_w_condition'
Query: 'how many times has tom hanks played himself in a movie?' | Classified as: 'aggregation' | Ground Truth: 'simple_w_condition'
Query: 'what was the highest-grossing film in 2008?' | Classified as: 'aggregation' | Ground Truth: 'simple_w_condition'
Query: 'which player has the most career passing yards in the nfl among players who have never won a championship?' | Classified as: 'aggregation' | Ground Truth: 'simple_w_condition'
Query: 'what album did olivia rodrigo release in 2021, which included the songs "traitor" and "deja vu"?' | Classified as: 'multi-hop' | Ground Truth: 'simple_w_condition'
Query: 'how many domestic companies were listed on the new york stock exchange in 2020?' | Classified as: 'aggregation' | Ground Truth: 'simple_w_condition'
Query: 'what was the first movie to feature a person who can transform into a werewolf?' | Classified as: 'multi-hop' | Ground Truth: 'simple_w_condition'
Query: 'who hosted the grammy awards in 2019?' | Classified as: 'simple' | Ground Truth: 'simple_w_condition'
Query: 'what team did the mighty ducks play against in the final game in the second mighty ducks movie?' | Classified as: 'multi-hop' | Ground Truth: 'simple_w_condition'
Query: 'what was the total value of all initial public offerings in the americas for the technology sector in 2022?' | Classified as: 'aggregation' | Ground Truth: 'simple_w_condition'
Query: 'what is the name of the newspaper that shares the same parent company as armenian weekly?' | Classified as: 'multi-hop' | Ground Truth: 'simple_w_condition'
Query: 'which fighter has the most career ufc wins but has never been a champion?' | Classified as: 'aggregation' | Ground Truth: 'simple_w_condition'
Query: 'in their most recent league match, how did tottenham fare in terms of victories and defeats?' | Classified as: 'multi-hop' | Ground Truth: 'simple_w_condition'
Query: 'which player has the most career home runs among mlb players who have never won a mlb mvp award?' | Classified as: 'aggregation' | Ground Truth: 'simple_w_condition'
Query: 'what album did fergie release in 2006, which included the songs "fergalicious" and "glamorous"?' | Classified as: 'simple' | Ground Truth: 'simple_w_condition'
Query: 'what is the name of the album released by adele in 2011?' | Classified as: 'simple' | Ground Truth: 'simple_w_condition'
Query: 'what album did major lazer release in 2020, which included the songs "bam bam" and "trigger"?' | Classified as: 'multi-hop' | Ground Truth: 'simple_w_condition'
Query: 'did alavés play their last esp-la liga game at home or away?' | Classified as: 'comparison' | Ground Truth: 'simple_w_condition'
Query: 'what is the local name for mount vesuvius in neapolitan?' | Classified as: 'simple' | Ground Truth: 'simple_w_condition'
Query: 'how many emmy awards has julia louis-dreyfus won for her role as selina meyer in the tv show "veep"?' | Classified as: 'aggregation' | Ground Truth: 'simple_w_condition'
Query: 'how old is the youngest player for the lakers?' | Classified as: 'simple' | Ground Truth: 'simple_w_condition'
Query: 'who will sheffield utd take on this week?' | Classified as: 'simple' | Ground Truth: 'simple_w_condition'
Query: 'how many times has brad pitt been married?' | Classified as: 'aggregation' | Ground Truth: 'simple_w_condition'
Query: 'what was the total value of all foreign direct investment (fdi) inflows into the united states as of 2022?' | Classified as: 'aggregation' | Ground Truth: 'simple_w_condition'
Query: 'how many goals did barcelona put the ball in the back of the net last week?' | Classified as: 'aggregation' | Ground Truth: 'simple_w_condition'
Query: 'which song is the eagle's only top-10 hit in the united kingdom?' | Classified as: 'simple' | Ground Truth: 'simple_w_condition'
Query: 'what was the outcome of mallorca's last game in esp-la liga?' | Classified as: 'simple' | Ground Truth: 'simple_w_condition'
Query: 'in eng-premier league, which player served as captain for chelsea in their previous game?' | Classified as: 'multi-hop' | Ground Truth: 'simple_w_condition'
Query: 'which player has the most career home runs in major league baseball among players who have never won a home run title?' | Classified as: 'aggregation' | Ground Truth: 'simple_w_condition'
Query: 'was toy story the first film to use computer-generated imagery (cgi) to create a fully computer-generated character?' | Classified as: 'false premise' | Ground Truth: 'simple_w_condition'
Query: 'what was the total value of all venture capital investments in the fintech sector in 2022 in the united states?' | Classified as: 'aggregation' | Ground Truth: 'simple_w_condition'
Query: 'what was the total amount of venture capital investment in renewable energy startups in the united states during 2022?' | Classified as: 'aggregation' | Ground Truth: 'simple_w_condition'
Query: 'on which day did the gdev inc. warrant distribute dividends in the last year?' | Classified as: 'multi-hop' | Ground Truth: 'simple_w_condition'
Query: 'what is the height difference between allal al fassi dam and foum gleita dam in meters?' | Classified as: 'aggregation' | Ground Truth: 'comparison'
Query: 'which company can i buy more shares with 1000 dollars based on yesterday's closing price, nim or  evv?' | Classified as: 'simple_w_condition' | Ground Truth: 'comparison'
Query: 'are tinos and karpathos in the same time zone in winter?' | Classified as: 'simple' | Ground Truth: 'comparison'
Query: 'did the song the globe come out before the wedding?' | Classified as: 'false premise' | Ground Truth: 'comparison'
Query: 'can acidophiline be consumed as a beverage?' | Classified as: 'simple' | Ground Truth: 'post-processing'
Query: 'what is the most recent date that nml paid dividends to its shareholders?' | Classified as: 'simple_w_condition' | Ground Truth: 'simple'
Query: 'how many strikeouts per inning did shohei ohtani have in 2022?' | Classified as: 'aggregation' | Ground Truth: 'post-processing'
Query: 'which film secured the best visual effects oscar in 2005?' | Classified as: 'aggregation' | Ground Truth: 'simple'
Query: 'what's the percentage change in spotify premium subscribers from the start of the 2015 fiscal year and the end of the 2020 fiscal year?' | Classified as: 'aggregation' | Ground Truth: 'post-processing'
Query: 'how many seasons in his career did tony romo play and start in every game?' | Classified as: 'multi-hop' | Ground Truth: 'post-processing'
Query: 'how many sales did daddy yankee average in the us on the albums barrio fino en directo and barrio fino?' | Classified as: 'multi-hop' | Ground Truth: 'post-processing'
Query: 'when did after 7 start performing?' | Classified as: 'false premise' | Ground Truth: 'simple'
Query: 'how much is tesla's stock price down from its all-time high?' | Classified as: 'aggregation' | Ground Truth: 'post-processing'
Query: 'what is the 2023 federal income tax rate for a joint filer with taxable income of $182,089?' | Classified as: 'simple_w_condition' | Ground Truth: 'post-processing'
Query: 'what is the company name of aldi derived from?' | Classified as: 'simple' | Ground Truth: 'post-processing'
Query: 'was los esclavos dam utilized in 2005?' | Classified as: 'false premise' | Ground Truth: 'post-processing'
Query: 'can you tell me the opening stock price of landp on the last friday?' | Classified as: 'simple_w_condition' | Ground Truth: 'simple'
Query: 'how much more did tyler perry make over brad pitt in 2022?' | Classified as: 'comparison' | Ground Truth: 'post-processing'
Query: 'what is the total market worth of cyd as of today?' | Classified as: 'aggregation' | Ground Truth: 'simple'
Query: 'what was the average annual revenue for music streaming from 2020 to 2022?' | Classified as: 'aggregation' | Ground Truth: 'post-processing'
Query: 'how much has spotify's user base increased by since 2020 in north america?' | Classified as: 'aggregation' | Ground Truth: 'post-processing'
Query: 'how big is the market cap of the new york stock exchange compared to the london stock exchange?' | Classified as: 'comparison' | Ground Truth: 'post-processing'
Query: 'can you name the members of the the bastard fairies group for me?' | Classified as: 'set' | Ground Truth: 'simple'
Query: 'can you tell me the closing price for pev from yesterday?' | Classified as: 'simple_w_condition' | Ground Truth: 'simple'
Query: 'what percentage of gross for pixar's 2020 movies came from outside the us and canada?' | Classified as: 'aggregation' | Ground Truth: 'post-processing'
Query: 'what percentage of tencent music users are premium subscribers?' | Classified as: 'aggregation' | Ground Truth: 'post-processing'
Query: 'how many years after reaching $1 trillion market capitalization did it take apple to hit $2 trillion?' | Classified as: 'multi-hop' | Ground Truth: 'post-processing'
Query: 'what was the open price of pavs last friday?' | Classified as: 'simple_w_condition' | Ground Truth: 'simple'
Query: 'what percentage of israel adesanya's ufc fights have ended in a knockout?' | Classified as: 'aggregation' | Ground Truth: 'post-processing'
Query: 'how much percentage does apple's stock price rise compared to its ipo price using the closing price today?' | Classified as: 'aggregation' | Ground Truth: 'post-processing'
Query: 'did wawa dam play a part in 1990's operations?' | Classified as: 'false premise' | Ground Truth: 'post-processing'
Query: 'what is the average critic score on rotten tomatoes for the rush hour movies?' | Classified as: 'aggregation' | Ground Truth: 'post-processing'
Query: 'what's the name of the movie that received the oscar for the best documentary feature film in 2001?' | Classified as: 'simple_w_condition' | Ground Truth: 'simple'
Query: 'on how many days this week did adagene's stock price opened higher?' | Classified as: 'aggregation' | Ground Truth: 'simple'
Query: 'was mengkuang dam being utilized in 1983?' | Classified as: 'false premise' | Ground Truth: 'post-processing'
Query: 'what was the average gross for all movies in the harry potter series in the uk?' | Classified as: 'aggregation' | Ground Truth: 'post-processing'
Query: 'what is the etymology of haribo's name?' | Classified as: 'simple' | Ground Truth: 'post-processing'
Query: 'how long is the longest river in alabama?' | Classified as: 'simple' | Ground Truth: 'multi-hop'
Query: 'what was mike epps's age at the time of next friday's release?' | Classified as: 'post-processing' | Ground Truth: 'multi-hop'
Query: 'when did the lead actor of naked gun die?' | Classified as: 'simple' | Ground Truth: 'multi-hop'
Query: 'what movie earned the best animated feature film academy award in 2019, can you tell me?' | Classified as: 'aggregation' | Ground Truth: 'simple'
Query: 'what was the profession of kim kardashian's second spouse?' | Classified as: 'simple' | Ground Truth: 'multi-hop'
Query: 'which company in the nasdaq 100 index has the highest ratio of green energy usage?' | Classified as: 'aggregation' | Ground Truth: 'multi-hop'
Query: 'what was the open price of mny on the tues from the past week?' | Classified as: 'simple_w_condition' | Ground Truth: 'simple'
Query: 'what's the date of after 7's last song/album?' | Classified as: 'false premise' | Ground Truth: 'simple'
Query: 'what was the trading volume of erf on the previous trading day?' | Classified as: 'simple_w_condition' | Ground Truth: 'simple'
Query: 'which film's visual artistry earned it the best visual effects award at the oscars in 2019?' | Classified as: 'multi-hop' | Ground Truth: 'simple'
Query: 'how big is the biggest state in the us?' | Classified as: 'comparison' | Ground Truth: 'multi-hop'
Query: 'which company in the s&p 500 index has the highest price-to-book ratio?' | Classified as: 'aggregation' | Ground Truth: 'multi-hop'
Query: 'what was taylor swifts age when she released her debut album?' | Classified as: 'simple' | Ground Truth: 'multi-hop'
Query: 'what was rxrx's price at the end of the trading session yesterday?' | Classified as: 'simple_w_condition' | Ground Truth: 'simple'
Query: 'what company in the dow jones is the worst performer today?' | Classified as: 'aggregation' | Ground Truth: 'multi-hop'
Query: 'where did brad pitt and angelina jolie get married?' | Classified as: 'multi-hop' | Ground Truth: 'simple'
Query: 'what is the driving side in mallorca?' | Classified as: 'simple' | Ground Truth: 'multi-hop'
Query: 'what is the name of the show where danny mcbride plays kenny powers?' | Classified as: 'simple' | Ground Truth: 'multi-hop'
Query: 'what's bmn's market price right now?' | Classified as: 'simple_w_condition' | Ground Truth: 'simple'
Query: 'what was the stock price of amtd at the close of market yesterday?' | Classified as: 'simple_w_condition' | Ground Truth: 'simple'
Query: 'what age did abraham lincoln begin his presidency?' | Classified as: 'simple' | Ground Truth: 'multi-hop'
Query: 'what was the starting stock price of ficvu on last tuesday?' | Classified as: 'simple_w_condition' | Ground Truth: 'simple'
Query: 'which resident evil movie had the most deaths?' | Classified as: 'aggregation' | Ground Truth: 'simple'
Query: 'what is the driving side in ireland?' | Classified as: 'simple' | Ground Truth: 'multi-hop'
Query: 'how many grand slams has novak djokovic won on clay courts?' | Classified as: 'aggregation' | Ground Truth: 'multi-hop'
Query: 'who was the talented performer who received the best actor oscar in 2008 for their role in a movie?' | Classified as: 'multi-hop' | Ground Truth: 'simple'
Query: 'which company in the s&p 500 index has the highest ratio of insider ownership?' | Classified as: 'aggregation' | Ground Truth: 'multi-hop'
Query: 'who was the talented performer who received the best actor oscar in 2010?' | Classified as: 'multi-hop' | Ground Truth: 'simple'
Query: 'who was the top scorer in the women's world cup last year?' | Classified as: 'aggregation' | Ground Truth: 'multi-hop'
Query: 'what was the volume of trades for rcm on the last day?' | Classified as: 'simple_w_condition' | Ground Truth: 'simple'
Query: 'which team is currently the number one seed in the nba's eastern conference?' | Classified as: 'aggregation' | Ground Truth: 'simple'
Query: 'what album did billie eilish won a grammy for in 2022?' | Classified as: 'false premise' | Ground Truth: 'multi-hop'
Query: 'when was green day's third studio album released?' | Classified as: 'simple' | Ground Truth: 'multi-hop'
Query: 'what was the name of the movie that won the most golden globe awards in a single year, including best motion picture – drama, best director, and best actor – motion picture drama?' | Classified as: 'aggregation' | Ground Truth: 'multi-hop'
Query: 'who directed dave, can you tell me their name?' | Classified as: 'multi-hop' | Ground Truth: 'simple'
Query: 'which company in the s&p 500 index has the highest diversity, equity, and inclusion score?' | Classified as: 'aggregation' | Ground Truth: 'multi-hop'
Query: 'at what age was lorne michaels when he produced his first film?' | Classified as: 'post-processing' | Ground Truth: 'multi-hop'
Query: 'what city in california has the largest population?' | Classified as: 'aggregation' | Ground Truth: 'simple'
Query: 'which company in the s&p 500 index has the second highest dividend yield?' | Classified as: 'aggregation' | Ground Truth: 'multi-hop'
Query: 'what was the highest stock price of cnfr on a daily basis this week?' | Classified as: 'simple_w_condition' | Ground Truth: 'simple'
Query: 'who won the oscar best actor in 2019?' | Classified as: 'aggregation' | Ground Truth: 'simple'
Query: 'who is the starting quarterback on baltimore's nfl team?' | Classified as: 'simple' | Ground Truth: 'multi-hop'
Query: 'can you tell me the opening stock price of tcbi on the last friday?' | Classified as: 'simple_w_condition' | Ground Truth: 'simple'
Query: 'what was the pricing of the most recent ipo for a major social media company?' | Classified as: 'simple_w_condition' | Ground Truth: 'multi-hop'
Query: 'can you help me find out what's the market cap of nvac now' | Classified as: 'simple_w_condition' | Ground Truth: 'simple'
Query: 'what is the revenue of bodyarmor's parent company?' | Classified as: 'simple' | Ground Truth: 'multi-hop'
Query: 'which company in the nasdaq 100 index has the highest number of employees?' | Classified as: 'aggregation' | Ground Truth: 'multi-hop'
Query: 'what is the name of the company that has the highest dividend yield in the s&p 500 index?' | Classified as: 'aggregation' | Ground Truth: 'multi-hop'
Query: 'what is the net worth of tesla's ceo?' | Classified as: 'simple' | Ground Truth: 'multi-hop'
Query: 'on what date did abcb last pay dividends to its shareholders?' | Classified as: 'simple_w_condition' | Ground Truth: 'simple'
Query: 'which company in the s&p 500 index has the highest ratio of institutional ownership?' | Classified as: 'aggregation' | Ground Truth: 'multi-hop'
Query: 'what's the current stock price of spi energy co.?' | Classified as: 'simple_w_condition' | Ground Truth: 'simple'
Query: 'what's the average board retainer fee for compaines on the s&p 500 index in communication services?' | Classified as: 'aggregation' | Ground Truth: 'multi-hop'
Query: 'what was the volume of trading in cabot corporation's stock on the most recent day that dividends were distributed?' | Classified as: 'aggregation' | Ground Truth: 'multi-hop'
Query: 'how many epl teams are based in london?' | Classified as: 'aggregation' | Ground Truth: 'multi-hop'
Query: 'who is the first actor to play superman?' | Classified as: 'simple' | Ground Truth: 'multi-hop'
Query: 'which company in the nasdaq 100 index has the second highest return on equity (roe)?' | Classified as: 'aggregation' | Ground Truth: 'multi-hop'
Query: 'what is the name of the actor who won best actor in 2006?' | Classified as: 'aggregation' | Ground Truth: 'simple'
Query: 'which company in the s&p 500 index has the highest gross margin?' | Classified as: 'aggregation' | Ground Truth: 'multi-hop'
Query: 'for yesterday, what was the closing price of rdus?' | Classified as: 'simple_w_condition' | Ground Truth: 'simple'
Query: 'what school does lebron james's youngest son attend?' | Classified as: 'simple' | Ground Truth: 'multi-hop'
Query: 'who was the winner of the wimbledon women's singles tournament this year?' | Classified as: 'simple' | Ground Truth: 'multi-hop'
Query: 'what was the price of mfa financial's stock when the market first opened today?' | Classified as: 'simple_w_condition' | Ground Truth: 'simple'
Query: 'which company in the s&p 500 index has the highest operating margin?' | Classified as: 'aggregation' | Ground Truth: 'multi-hop'
Query: 'who played the lead role in the movie "forrest gump"?' | Classified as: 'multi-hop' | Ground Truth: 'simple'
Query: 'what was galmed pharmaceuticals's closing price on the day that saw the most trading activity last week?' | Classified as: 'simple_w_condition' | Ground Truth: 'multi-hop'
Query: 'what are the three most recent releases by imagine dragons?' | Classified as: 'multi-hop' | Ground Truth: 'simple'
Query: 'how many people live in the biggest city of russia?' | Classified as: 'aggregation' | Ground Truth: 'multi-hop'
Query: 'how many people live in the smallest city of finland?' | Classified as: 'post-processing' | Ground Truth: 'multi-hop'
Query: 'at what age was michelle trachtenberg in her film debut?' | Classified as: 'simple' | Ground Truth: 'multi-hop'
Query: 'what weight class is the ufc number one men's pound for pound fighter in?' | Classified as: 'simple' | Ground Truth: 'multi-hop'
Query: 'what was dana ashbrook's age when he/she made an appearance in the aggression scale?' | Classified as: 'simple' | Ground Truth: 'multi-hop'
Query: 'when did drake release his first album?' | Classified as: 'simple' | Ground Truth: 'multi-hop'
Query: 'on langeland, what is the side of the road that people drive on?' | Classified as: 'simple' | Ground Truth: 'multi-hop'
Query: 'on what date did infosys limited last closed at a higher price?' | Classified as: 'simple_w_condition' | Ground Truth: 'multi-hop'
Query: 'what school did the 2016 heisman trophy winner play for?' | Classified as: 'simple' | Ground Truth: 'multi-hop'
Query: 'what has been the highest price that enlight renewable energy traded in today?' | Classified as: 'simple_w_condition' | Ground Truth: 'simple'
Query: 'what country is prince harry's wife from?' | Classified as: 'simple' | Ground Truth: 'multi-hop'
Query: 'how old is the current ceo of microsoft?' | Classified as: 'simple' | Ground Truth: 'multi-hop'
Query: 'which company in the russell 2000 index has the highest return on equity (roe)?' | Classified as: 'aggregation' | Ground Truth: 'multi-hop'
Query: 'in 2022, how often did gen digital pay out dividends to its shareholders?' | Classified as: 'aggregation' | Ground Truth: 'simple'
Query: 'what company in the nasdaq brings in the most revenue?' | Classified as: 'aggregation' | Ground Truth: 'multi-hop'
Query: 'what was the final stock price of mobix labs on the last trading day?' | Classified as: 'simple_w_condition' | Ground Truth: 'simple'
Query: 'what was the weekly minimum stock price of edesa biotech?' | Classified as: 'simple_w_condition' | Ground Truth: 'simple'
Query: 'what is the ratio of srm's stock price to its earnings?' | Classified as: 'aggregation' | Ground Truth: 'simple'
Query: 'can you tell me the average daily high of bkr for the past week?' | Classified as: 'aggregation' | Ground Truth: 'simple'
Query: 'which film's visual effects stunned the academy, winning the best visual effects oscar in 2014?' | Classified as: 'multi-hop' | Ground Truth: 'simple'
Query: 'on the previous trading day, what was the lowest stock price of lensar?' | Classified as: 'simple_w_condition' | Ground Truth: 'simple'
Query: 'how many grand slams has iga swiatek won on hard courts?' | Classified as: 'aggregation' | Ground Truth: 'multi-hop'
Query: 'how many months did it take to release the first toy story movie?' | Classified as: 'post-processing' | Ground Truth: 'multi-hop'
Query: 'what age did taylor swift release her first album?' | Classified as: 'simple' | Ground Truth: 'multi-hop'
Query: 'how old is dave franco's oldest brother?' | Classified as: 'simple' | Ground Truth: 'multi-hop'
Query: 'in the fortune 500 which company has the highest market cap in 2010 in the us' | Classified as: 'aggregation' | Ground Truth: 'multi-hop'
Query: 'who was the talented performer who received the best actor oscar in 2008?' | Classified as: 'multi-hop' | Ground Truth: 'simple'
Query: 'how much does the largest bank in north america have in assets?' | Classified as: 'aggregation' | Ground Truth: 'multi-hop'
Query: 'which bank in the us made the most last year on green debt?' | Classified as: 'aggregation' | Ground Truth: 'multi-hop'
Query: 'what was the stock price of opxs at the close of market yesterday?' | Classified as: 'simple_w_condition' | Ground Truth: 'simple'
Query: 'what was the worldwide box office haul for get out?' | Classified as: 'aggregation' | Ground Truth: 'simple'
Query: 'what were the total in sales for the worldwide box office for beats?' | Classified as: 'aggregation' | Ground Truth: 'simple'
Query: 'what is the revenue of frito-lay's parent company?' | Classified as: 'aggregation' | Ground Truth: 'multi-hop'
Query: 'can you tell me the latest earnings per share for the aes corporation?' | Classified as: 'simple_w_condition' | Ground Truth: 'simple'
Query: 'how far did last year's west coast conference champion go in the postseason?' | Classified as: 'post-processing' | Ground Truth: 'multi-hop'
Query: 'on what date did mbly start paying dividends to its investors?' | Classified as: 'simple_w_condition' | Ground Truth: 'simple'
Query: 'what sport does pau gasol's brother play?' | Classified as: 'simple' | Ground Truth: 'multi-hop'
Query: 'what professional won the best actor oscar in 2020?' | Classified as: 'aggregation' | Ground Truth: 'simple'
Query: 'which nasdaq stock has been traded the most today?' | Classified as: 'aggregation' | Ground Truth: 'multi-hop'
Query: 'who was the player who had the most assists in professional football last season?' | Classified as: 'aggregation' | Ground Truth: 'multi-hop'
Query: 'what was henry rollins's age when he/she made an appearance in henry rollins: henry rollins goes to london?' | Classified as: 'simple' | Ground Truth: 'multi-hop'
Query: 'who was crowned the best actor at the academy awards in 1993 for their role in a movie?' | Classified as: 'aggregation' | Ground Truth: 'simple'
Query: 'how deep is the deepest lake of new york?' | Classified as: 'simple' | Ground Truth: 'multi-hop'
Query: 'as of now, what is the pe ratio of douyu international holdings limited ads?' | Classified as: 'simple_w_condition' | Ground Truth: 'simple'
Query: 'who was the first actress to play the role of wonder woman in a live-action movie?' | Classified as: 'simple' | Ground Truth: 'multi-hop'
Query: 'who was the talented performer who received the best actor oscar in 2019?' | Classified as: 'multi-hop' | Ground Truth: 'simple'
Query: 'how small is the smallest state in the us?' | Classified as: 'simple' | Ground Truth: 'multi-hop'
Query: 'what was the lakers' record the year kobe bryant won mvp?' | Classified as: 'simple' | Ground Truth: 'multi-hop'
Query: 'which coach has the most nfl wins?' | Classified as: 'aggregation' | Ground Truth: 'comparison'
Query: 'what's the stock high price of altair engineering from the past week?' | Classified as: 'simple_w_condition' | Ground Truth: 'comparison'
Query: 'which stock had the highest return in the s&p 500 for the year 2023: amazon (amzn), google (googl), or meta (meta)?' | Classified as: 'aggregation' | Ground Truth: 'comparison'
Query: 'what was dynatrace's stock price at its lowest point during the previous month?' | Classified as: 'simple_w_condition' | Ground Truth: 'comparison'
Query: 'what is the vertical distance between usoi dam and tabqa dam in meters?' | Classified as: 'simple' | Ground Truth: 'comparison'
Query: 'which etf is traded more the day before yesterday, macau or inaq?' | Classified as: 'simple_w_condition' | Ground Truth: 'comparison'
Query: 'which company can i buy more shares with 1000 dollars based on yesterday's closing price, rlgt or  rbbn?' | Classified as: 'simple_w_condition' | Ground Truth: 'comparison'
Query: 'how many zip codes are there in raleigh, north carolina?' | Classified as: 'simple' | Ground Truth: 'aggregation'
Query: 'can you tell me the maximum price that dermtech's stock reached last week?' | Classified as: 'simple_w_condition' | Ground Truth: 'comparison'
Query: 'how many songs are on taylor swift's 1989 (taylor's version) album?' | Classified as: 'simple' | Ground Truth: 'aggregation'
Query: 'how many different variations of retrievers exist?' | Classified as: 'simple' | Ground Truth: 'aggregation'
Query: 'who made it to the semifinals of the most recent women's grand slam?' | Classified as: 'multi-hop' | Ground Truth: 'aggregation'
Query: 'how many actors were in the first matrix movie?' | Classified as: 'simple' | Ground Truth: 'aggregation'
Query: 'what is the market share of microsoft in the cloud computing industry compared to its competitors?' | Classified as: 'comparison' | Ground Truth: 'aggregation'
Query: 'on what date did alpine income property trust last pay out a dividend to its shareholders?' | Classified as: 'simple_w_condition' | Ground Truth: 'simple'
Query: 'who are the three players with the most home runs in major league baseball history as of 2022?' | Classified as: 'aggregation' | Ground Truth: 'set'
Query: 'how many months did it take to film the third spiderman movie with tom holland.' | Classified as: 'post-processing' | Ground Truth: 'multi-hop'
Query: 'tell me how old was dua lipa when she released her first song.' | Classified as: 'post-processing' | Ground Truth: 'multi-hop'
Query: 'what are the telephone area codes for the city of boise, idaho?' | Classified as: 'simple' | Ground Truth: 'set'
Query: 'what is the ratio of siri's stock price to its earnings?' | Classified as: 'aggregation' | Ground Truth: 'simple'
Query: 'on what date did glbe begin distributing dividends to shareholders for the first time?' | Classified as: 'multi-hop' | Ground Truth: 'simple'
Query: 'which company in the s&p 500 index had the highest number of patents related to renewable energy from 2002 to 2022?' | Classified as: 'aggregation' | Ground Truth: 'multi-hop'
Query: 'who was the mvp of the mlb world series last year?' | Classified as: 'simple' | Ground Truth: 'multi-hop'
Query: 'tell me the songs released by steve miller in 2019' | Classified as: 'set' | Ground Truth: 'simple'
Query: 'can you tell me the number of songs released by the artist who won the best new artist in 47th grammy (2004)?' | Classified as: 'aggregation' | Ground Truth: 'multi-hop'
Query: 'who was crowned the best actor at the academy awards in 2010 for their role in a movie?' | Classified as: 'aggregation' | Ground Truth: 'simple'
Query: 'what was the number of shares traded for ovbc on the previous trading day?' | Classified as: 'simple_w_condition' | Ground Truth: 'simple'
Query: 'who are the original bad boy pistons?' | Classified as: 'simple' | Ground Truth: 'set'
Query: 'can you tell me the last time soho paid dividends?' | Classified as: 'simple_w_condition' | Ground Truth: 'simple'
Query: 'what was the opening stock price of sats on the tues of the past week?' | Classified as: 'simple_w_condition' | Ground Truth: 'simple'
Query: 'what are the area codes of denver?' | Classified as: 'simple' | Ground Truth: 'set'
Query: 'what was ags's open price this past friday?' | Classified as: 'simple_w_condition' | Ground Truth: 'simple'
Query: 'who made the creative decisions for madea's big happy family?' | Classified as: 'multi-hop' | Ground Truth: 'simple'
Query: 'who were the lead singers on the album "dark side of the moon" by pink floyd?' | Classified as: 'multi-hop' | Ground Truth: 'set'
Query: 'what did brian may play in queen?' | Classified as: 'multi-hop' | Ground Truth: 'set'
Query: 'who was the director for the film, bambi ii?' | Classified as: 'multi-hop' | Ground Truth: 'simple'
Query: 'what are morgan freeman 3 most recent movies?' | Classified as: 'multi-hop' | Ground Truth: 'set'
Query: 'what are the names of george and amal clooney’s twins?' | Classified as: 'simple' | Ground Truth: 'set'
Query: 'what has been the highest price that tradeweb markets stock traded at today?' | Classified as: 'simple_w_condition' | Ground Truth: 'simple'
Query: 'what movies are coming out in july 2024?' | Classified as: 'simple' | Ground Truth: 'set'
Query: 'what was the last date that ghc distributed dividends?' | Classified as: 'simple_w_condition' | Ground Truth: 'simple'
Query: 'who was in charge of directing kathy griffin: allegedly?' | Classified as: 'multi-hop' | Ground Truth: 'simple'
Query: 'i need to know the area codes for the atlanta. can you help?' | Classified as: 'simple' | Ground Truth: 'set'
Query: 'what was the stock price of nmr at the end of the trading yesterday?' | Classified as: 'simple_w_condition' | Ground Truth: 'simple'
Query: 'what are natalie portman 3 most recent movies?' | Classified as: 'multi-hop' | Ground Truth: 'set'
Query: 'who were the first members of the band santana?' | Classified as: 'simple' | Ground Truth: 'set'
Query: 'who was crowned the best actor at the 2012 oscars?' | Classified as: 'aggregation' | Ground Truth: 'simple'
Query: 'what are the 3 most recent awards has steven spielberg won?' | Classified as: 'aggregation' | Ground Truth: 'set'
Query: 'what movie received the best documentary feature accolade at the academy awards in 2016?' | Classified as: 'aggregation' | Ground Truth: 'simple'
Query: 'on the most recent friday what was the open price of gfi?' | Classified as: 'simple_w_condition' | Ground Truth: 'simple'
Query: 'who are the owners of the nine mile point nuclear generating station?' | Classified as: 'simple' | Ground Truth: 'set'
Query: 'which awards has beyonce won this year?' | Classified as: 'simple' | Ground Truth: 'set'
Query: 'what are the names of the 3 main characters in top gun?' | Classified as: 'simple' | Ground Truth: 'set'
Query: 'on which date did forty distribute dividends last time' | Classified as: 'simple_w_condition' | Ground Truth: 'simple'
Query: 'who was the director of all is true?' | Classified as: 'multi-hop' | Ground Truth: 'simple'
Query: 'what's the total market value of simpple ltd.'s shares as of the most recent trading day?' | Classified as: 'aggregation' | Ground Truth: 'simple'
Query: 'can you name the songs that tasmin little put out in 2009?' | Classified as: 'set' | Ground Truth: 'simple'
Query: 'who are the owners of the gundremmingen nuclear power plant?' | Classified as: 'simple' | Ground Truth: 'set'
Query: 'could you tell me the days when the stock price of peak closed higher during the first week of january 2024?' | Classified as: 'simple_w_condition' | Ground Truth: 'set'
Query: 'can you tell me the highest price so far that masimo corporation has been traded at today?' | Classified as: 'simple_w_condition' | Ground Truth: 'simple'
Query: 'who are the top 3 countries with gold medals in the olympics?' | Classified as: 'aggregation' | Ground Truth: 'set'
Query: 'what is the total market worth of regn as of today?' | Classified as: 'aggregation' | Ground Truth: 'simple'
Query: 'what is the name of the mountains in montana' | Classified as: 'simple' | Ground Truth: 'set'
Query: 'what songs/albums did rihanna win grammy awards?' | Classified as: 'aggregation' | Ground Truth: 'set'
Query: 'which movie was acclaimed for its visual effects at the oscars in 2001?' | Classified as: 'aggregation' | Ground Truth: 'simple'
Query: 'what are the top 10 holdings in spy?' | Classified as: 'aggregation' | Ground Truth: 'set'
Query: 'what was gb's closing stock price the previous day in usd?' | Classified as: 'simple_w_condition' | Ground Truth: 'simple'
Query: 'what are the years that each charlie and the chocolate factory movie came out?' | Classified as: 'multi-hop' | Ground Truth: 'set'
Query: 'who are the founders of starbucks?' | Classified as: 'simple' | Ground Truth: 'set'
Query: 'on which days did the bq stock closes lower last week?' | Classified as: 'simple_w_condition' | Ground Truth: 'set'
Query: 'which teams managed to overcome golden state warriors and emerge victorious in their games played during 2022-12?' | Classified as: 'simple_w_condition' | Ground Truth: 'set'
Query: 'what was the dividend distribution schedule for dominion energy in 2022, was it quarterly, annually or something else?' | Classified as: 'simple_w_condition' | Ground Truth: 'simple'
Query: 'what was the initial stock price of glac on the last tues?' | Classified as: 'simple_w_condition' | Ground Truth: 'simple'
Query: 'what was the open price of kvac last friday?' | Classified as: 'simple_w_condition' | Ground Truth: 'simple'
Query: 'based on sales, what are three most popular books in 2023?' | Classified as: 'aggregation' | Ground Truth: 'set'
Query: 'what was the total box office earnings for the proposal?' | Classified as: 'aggregation' | Ground Truth: 'simple'
Query: 'who are the owners of the vogtle electric generating plant?' | Classified as: 'simple' | Ground Truth: 'set'
Query: 'what was the stock price of northern trust corporation at the closing yesterday?' | Classified as: 'simple_w_condition' | Ground Truth: 'simple'
Query: 'who has played drums for the red hot chili peppers?' | Classified as: 'multi-hop' | Ground Truth: 'set'
Query: 'what was the peak daily stock price of nov over the past week?' | Classified as: 'simple_w_condition' | Ground Truth: 'simple'
Query: 'can you tell me who founded waitrose?' | Classified as: 'simple' | Ground Truth: 'set'
Query: 'which athletes have won more than eight olympic gold medals throughout their career?' | Classified as: 'aggregation' | Ground Truth: 'set'
Query: 'which soccer players have scored at least 50 goals in a single season?' | Classified as: 'aggregation' | Ground Truth: 'set'
Query: 'can i make sashimi with slow cookers?' | Classified as: 'false premise' | Ground Truth: 'simple'
Query: 'what are ben stiller 3 most recent movies?' | Classified as: 'multi-hop' | Ground Truth: 'set'
Query: 'what are the names of the sisters in hocus pocus?' | Classified as: 'simple' | Ground Truth: 'set'
Query: 'which current wba world title holders have held their reign for over 2000 days?' | Classified as: 'aggregation' | Ground Truth: 'set'
Query: 'what was the peak stock price of erf during the past week?' | Classified as: 'simple_w_condition' | Ground Truth: 'simple'
Query: 'who were the stars of living in bondage: breaking free?' | Classified as: 'multi-hop' | Ground Truth: 'set'
Query: 'ocaxw last tues open price' | Classified as: 'simple_w_condition' | Ground Truth: 'simple'
Query: 'what was the price of nke at the end of the trading session on the last trading day?' | Classified as: 'simple_w_condition' | Ground Truth: 'simple'
Query: 'who are the founders of whitestone cheese?' | Classified as: 'simple' | Ground Truth: 'set'
Query: 'what's the worldwide box office revenue for pirates of the caribbean: dead men tell no tales?' | Classified as: 'aggregation' | Ground Truth: 'simple'
Query: 'what are reese witherspoon's dogs names?' | Classified as: 'simple' | Ground Truth: 'set'
Query: 'what show was will smith's start to his career in acting?' | Classified as: 'multi-hop' | Ground Truth: 'simple'
Query: 'who are the three players with the most career goals in men's international soccer?' | Classified as: 'aggregation' | Ground Truth: 'set'
Query: 'what were the top 3 highest grossing movies of 1985?' | Classified as: 'aggregation' | Ground Truth: 'set'
Query: 'who are the top 3 richest people in the world?' | Classified as: 'aggregation' | Ground Truth: 'set'
Query: 'what are first ten companies in the dow jones, sorted alphabetically?' | Classified as: 'aggregation' | Ground Truth: 'set'
Query: 'what was the last date on which ior paid out dividends?' | Classified as: 'simple_w_condition' | Ground Truth: 'simple'
Query: 'tell me latest three songs released by daniel hall' | Classified as: 'multi-hop' | Ground Truth: 'simple'
Query: 'identify the primary quarterback and tight end duo for the kansas city chiefs.' | Classified as: 'multi-hop' | Ground Truth: 'set'
Query: 'what are the names of everybody in the beach boys?' | Classified as: 'set' | Ground Truth: 'simple'
Query: 'who played the main characters in ink & steel?' | Classified as: 'multi-hop' | Ground Truth: 'set'
Query: 'how many times did krispy kreme pay dividends to its investors in 2022?' | Classified as: 'aggregation' | Ground Truth: 'simple'
Query: 'who won the best actor oscar for their performance in a movie in 2012?' | Classified as: 'aggregation' | Ground Truth: 'simple'
Query: 'can you help me find out what's the market cap of cyrx now' | Classified as: 'simple_w_condition' | Ground Truth: 'simple'
Query: 'what was the total box office receipts for all the queen's men worldwide?' | Classified as: 'aggregation' | Ground Truth: 'simple'
Query: 'what are google's three largest acquisitions to date?' | Classified as: 'aggregation' | Ground Truth: 'set'
Query: 'who was crowned the best actor at the 2007 oscars?' | Classified as: 'aggregation' | Ground Truth: 'simple'
Query: 'which players have scored over 200 goals in the epl?' | Classified as: 'aggregation' | Ground Truth: 'set'
Query: 'what was the peak daily stock price of hour over the past week?' | Classified as: 'aggregation' | Ground Truth: 'simple'
Query: 'which new york knicks players went to college at villanova?' | Classified as: 'multi-hop' | Ground Truth: 'set'
Query: 'what is the name of the #1 single that shakira released in 2013?' | Classified as: 'simple' | Ground Truth: 'false_premise'
Query: 'who directed swiss army man, can you say?' | Classified as: 'multi-hop' | Ground Truth: 'simple'
Query: 'how many times has david beckham won the fifa world player of the year award?' | Classified as: 'aggregation' | Ground Truth: 'false_premise'
Query: 'what was the price of fsfg at the end of the trading day yesterday?' | Classified as: 'simple_w_condition' | Ground Truth: 'simple'
Query: 'on the day that cgi last paid dividends, what was the closing stock price?' | Classified as: 'multi-hop' | Ground Truth: 'false_premise'
Query: 'who are the members of birds of chicago?' | Classified as: 'set' | Ground Truth: 'simple'
Query: 'which academy awards category did the color purple win?' | Classified as: 'simple' | Ground Truth: 'false_premise'
Query: 'who owned the company that published in touch weekly in 2000?' | Classified as: 'multi-hop' | Ground Truth: 'false_premise'
Query: 'what is the price of apple stock when they split the stock for the 10th time' | Classified as: 'false premise' | Ground Truth: 'false_premise'
Query: 'which five states had successfully implemented an hourly minimum wage of $18 or higher in 2023?' | Classified as: 'set' | Ground Truth: 'false_premise'
Query: 'what type of dog does taylor swift have?' | Classified as: 'simple' | Ground Truth: 'false_premise'
Query: 'which five states have successfully implemented universal healthcare program for all their residents?' | Classified as: 'set' | Ground Truth: 'false_premise'
Query: 'what's the price-to-earnings ratio of bhp as of now?' | Classified as: 'simple_w_condition' | Ground Truth: 'simple'
Query: 'what is the current market value of camping world holdings's outstanding shares?' | Classified as: 'aggregation' | Ground Truth: 'simple'
Query: 'what is the name of ariana grande's upcoming album?' | Classified as: 'simple' | Ground Truth: 'false_premise'
Query: 'how many goals did lens score last week?' | Classified as: 'simple' | Ground Truth: 'false_premise'
Query: 'when did chris paul retire?' | Classified as: 'simple' | Ground Truth: 'false_premise'
Query: 'on which date did bkdt distribute dividends last time' | Classified as: 'simple_w_condition' | Ground Truth: 'simple'
Query: 'in which stream did donald trump earn his bachelor of science degree' | Classified as: 'multi-hop' | Ground Truth: 'simple'
Query: 'how many points did brest earn in their game yesterday?' | Classified as: 'aggregation' | Ground Truth: 'false_premise'
